<?xml version="1.0" encoding="UTF-8"?>
<!-- Generated by org.testng.reporters.JUnitReportReporter -->
<testsuite skipped="1" hostname="Admin-PC" name="automation.DataProviderWithExcel" tests="1" failures="0" timestamp="25 Nov 2016 05:56:53 GMT" time="0.000" errors="0">
  <testcase name="Registration_data" time="0.000" classname="automation.DataProviderWithExcel">
    <skipped/>
  </testcase> <!-- Registration_data -->
</testsuite> <!-- automation.DataProviderWithExcel -->
