<?xml version="1.0" encoding="UTF-8"?>
<!-- Generated by org.testng.reporters.JUnitReportReporter -->
<testsuite skipped="0" hostname="Admin-PC" name="automation.NewTest1" tests="1" failures="0" timestamp="13 Feb 2017 13:49:50 GMT" time="0.001" errors="0">
  <testcase name="testjenkins" time="0.001" classname="automation.NewTest1"/>
</testsuite> <!-- automation.NewTest1 -->
