<?xml version="1.0" encoding="UTF-8"?>
<!-- Generated by org.testng.reporters.JUnitReportReporter -->
<testsuite skipped="0" hostname="Admin-PC" name="automation.DataProviderTest" tests="2" failures="0" timestamp="10 Feb 2017 11:21:51 GMT" time="37.709" errors="0">
  <testcase name="test" time="22.605" classname="automation.DataProviderTest"/>
  <testcase name="test" time="15.104" classname="automation.DataProviderTest"/>
</testsuite> <!-- automation.DataProviderTest -->
